{"level":"error","message":"Endpoint getLogin. user not logged"}
{"level":"error","message":"Endpoint loginFail. Error en login"}
{"level":"error","message":"Endpoint getLogin. user not logged"}
{"level":"error","message":"Endpoint getLogin. user not logged"}
{"level":"error","message":"Endpoint getLogin. user not logged"}
{"level":"error","message":"Endpoint loginFail. Error en login"}
{"level":"error","message":"Endpoint getLogin. user not logged"}
{"level":"error","message":"Sign Up error. Info: ReferenceError: sendMail is not defined"}
{"level":"error","message":"Endpoint getLogin. user not logged"}
{"level":"error","message":"Endpoint loginFail. Error en login"}
{"level":"error","message":"Endpoint getLogin. user not logged"}
{"level":"error","message":"Endpoint getLogin. user not logged"}
{"level":"error","message":"Endpoint getLogin. user not logged"}
{"level":"error","message":"Endpoint getLogin. user not logged"}
{"level":"error","message":"Endpoint loginFail. Error en login"}
{"level":"error","message":"Endpoint getLogin. user not logged"}
{"level":"error","message":"Endpoint getLogin. user not logged"}
{"level":"error","message":"Endpoint getLogin. user not logged"}
{"level":"error","message":"Ruta no establecida"}
{"level":"error","message":"Endpoint getLogin. user not logged"}
{"level":"error","message":"Ruta no establecida"}
{"level":"error","message":"Endpoint getLogin. user not logged"}
{"level":"error","message":"Ruta no establecida"}
{"level":"error","message":"Endpoint getLogin. user not logged"}
{"level":"error","message":"Endpoint getLogin. user not logged"}
{"level":"error","message":"Endpoint getLogin. user not logged"}
{"level":"error","message":"Endpoint getLogin. user not logged"}
{"level":"error","message":"Endpoint getLogin. user not logged"}
{"level":"error","message":"Ruta no establecida"}
{"level":"error","message":"Endpoint getLogin. user not logged"}
{"level":"error","message":"Endpoint loginFail. Error en login"}
{"level":"error","message":"Endpoint getLogin. user not logged"}
{"level":"error","message":"Endpoint loginFail. Error en login"}
{"level":"error","message":"Endpoint getLogin. user not logged"}
{"level":"error","message":"Endpoint getLogin. user not logged"}
{"level":"error","message":"Ruta no establecida"}
{"level":"error","message":"Ruta no establecida"}
{"level":"error","message":"Endpoint getLogin. user not logged"}
{"level":"error","message":"Ruta no establecida"}
{"level":"error","message":"Ruta no establecida"}
{"level":"error","message":"Ruta no establecida"}
{"level":"error","message":"Endpoint getLogin. user not logged"}
{"level":"error","message":"Ruta no establecida"}
{"level":"error","message":"Ruta no establecida"}
{"level":"error","message":"Endpoint getLogin. user not logged"}
{"level":"error","message":"Endpoint getLogin. user not logged"}
{"level":"error","message":"Endpoint getLogin. user not logged"}
{"level":"error","message":"Endpoint getLogin. user not logged"}
{"level":"error","message":"Endpoint loginFail. Error en login"}
{"level":"error","message":"Endpoint getLogin. user not logged"}
{"level":"error","message":"Endpoint getLogin. user not logged"}
{"level":"error","message":"Endpoint getLogin. user not logged"}
{"level":"error","message":"Ruta no establecida"}
{"level":"error","message":"Ruta no establecida"}
{"level":"error","message":"Ruta no establecida"}
{"level":"error","message":"Ruta no establecida"}
{"level":"error","message":"Endpoint getLogin. user not logged"}
{"level":"error","message":"Ruta no establecida"}
{"level":"error","message":"Ruta no establecida"}
{"level":"error","message":"Endpoint getLogin. user not logged"}
{"level":"error","message":"Ruta no establecida"}
{"level":"error","message":"Ruta no establecida"}
{"level":"error","message":"Ruta no establecida"}
{"level":"error","message":"Endpoint getLogin. user not logged"}
{"level":"error","message":"Ruta no establecida"}
{"level":"error","message":"Ruta no establecida"}
{"level":"error","message":"Ruta no establecida"}
{"level":"error","message":"Endpoint getLogin. user not logged"}
{"level":"error","message":"Ruta no establecida"}
{"level":"error","message":"Ruta no establecida"}
{"level":"error","message":"Ruta no establecida"}
{"level":"error","message":"Ruta no establecida"}
{"level":"error","message":"Ruta no establecida"}
{"level":"error","message":"Ruta no establecida"}
{"level":"error","message":"Ruta no establecida"}
{"level":"error","message":"Endpoint getLogin. user not logged"}
{"level":"error","message":"Ruta no establecida"}
{"level":"error","message":"Ruta no establecida"}
{"level":"error","message":"Ruta no establecida"}
{"level":"error","message":"Ruta no establecida"}
{"level":"error","message":"Endpoint getLogin. user not logged"}
{"level":"error","message":"Ruta no establecida"}
{"level":"error","message":"Endpoint getLogin. user not logged"}
{"level":"error","message":"Ruta no establecida"}
{"level":"error","message":"Ruta no establecida"}
{"level":"error","message":"Endpoint getLogin. user not logged"}
{"level":"error","message":"Ruta no establecida"}
{"level":"error","message":"Ruta no establecida"}
{"level":"error","message":"Ruta no establecida"}
{"level":"error","message":"Ruta no establecida"}
{"level":"error","message":"Endpoint getLogin. user not logged"}
{"level":"error","message":"Ruta no establecida"}
{"level":"error","message":"Ruta no establecida"}
{"level":"error","message":"Ruta no establecida"}
{"level":"error","message":"Ruta no establecida"}
{"level":"error","message":"Ruta no establecida"}
{"level":"error","message":"Ruta no establecida"}
{"level":"error","message":"Ruta no establecida"}
{"level":"error","message":"Ruta no establecida"}
{"level":"error","message":"Ruta no establecida"}
{"level":"error","message":"Ruta no establecida"}
{"level":"error","message":"Ruta no establecida"}
{"level":"error","message":"Endpoint getLogin. user not logged"}
{"level":"error","message":"Endpoint getLogin. user not logged"}
{"level":"error","message":"Endpoint getLogin. user not logged"}
{"level":"error","message":"Endpoint getLogin. user not logged"}
{"level":"error","message":"Endpoint getLogin. user not logged"}
{"level":"error","message":"Endpoint getLogin. user not logged"}
{"level":"error","message":"Endpoint getLogin. user not logged"}
{"level":"error","message":"Endpoint getLogin. user not logged"}
{"level":"error","message":"Endpoint getLogin. user not logged"}
{"level":"error","message":"Endpoint getLogin. user not logged"}
{"level":"error","message":"Endpoint getLogin. user not logged"}
{"level":"error","message":"Endpoint getLogin. user not logged"}
{"level":"error","message":"Endpoint getLogin. user not logged"}
{"level":"error","message":"Endpoint getLogin. user not logged"}
{"level":"error","message":"Endpoint getLogin. user not logged"}
{"level":"error","message":"Endpoint getLogin. user not logged"}
{"level":"error","message":"Endpoint getLogin. user not logged"}
{"level":"error","message":"Endpoint getLogin. user not logged"}
{"level":"error","message":"Endpoint getLogin. user not logged"}
{"level":"error","message":"Endpoint loginFail. Error en login"}
{"level":"error","message":"Endpoint getLogin. user not logged"}
{"level":"error","message":"Endpoint getLogin. user not logged"}
{"level":"error","message":"Endpoint getLogin. user not logged"}
{"code":20003,"level":"error","message":"Error sending whatsapp:  Authenticate","moreInfo":"https://www.twilio.com/docs/errors/20003","stack":"Error: Authenticate\n    at success (/Users/santiagomlorenzo/Ferbo/Coder/ProyectoFinal-Backend/node_modules/twilio/lib/base/Version.js:135:15)\n    at Promise_then_fulfilled (/Users/santiagomlorenzo/Ferbo/Coder/ProyectoFinal-Backend/node_modules/q/q.js:766:44)\n    at Promise_done_fulfilled (/Users/santiagomlorenzo/Ferbo/Coder/ProyectoFinal-Backend/node_modules/q/q.js:835:31)\n    at Fulfilled_dispatch [as dispatch] (/Users/santiagomlorenzo/Ferbo/Coder/ProyectoFinal-Backend/node_modules/q/q.js:1229:9)\n    at Pending_become_eachMessage_task (/Users/santiagomlorenzo/Ferbo/Coder/ProyectoFinal-Backend/node_modules/q/q.js:1369:30)\n    at RawTask.call (/Users/santiagomlorenzo/Ferbo/Coder/ProyectoFinal-Backend/node_modules/asap/asap.js:40:19)\n    at flush (/Users/santiagomlorenzo/Ferbo/Coder/ProyectoFinal-Backend/node_modules/asap/raw.js:50:29)\n    at processTicksAndRejections (node:internal/process/task_queues:78:11)","status":401}
{"code":20003,"level":"error","message":"Error sending sms:  Authenticate","moreInfo":"https://www.twilio.com/docs/errors/20003","stack":"Error: Authenticate\n    at success (/Users/santiagomlorenzo/Ferbo/Coder/ProyectoFinal-Backend/node_modules/twilio/lib/base/Version.js:135:15)\n    at Promise_then_fulfilled (/Users/santiagomlorenzo/Ferbo/Coder/ProyectoFinal-Backend/node_modules/q/q.js:766:44)\n    at Promise_done_fulfilled (/Users/santiagomlorenzo/Ferbo/Coder/ProyectoFinal-Backend/node_modules/q/q.js:835:31)\n    at Fulfilled_dispatch [as dispatch] (/Users/santiagomlorenzo/Ferbo/Coder/ProyectoFinal-Backend/node_modules/q/q.js:1229:9)\n    at Pending_become_eachMessage_task (/Users/santiagomlorenzo/Ferbo/Coder/ProyectoFinal-Backend/node_modules/q/q.js:1369:30)\n    at RawTask.call (/Users/santiagomlorenzo/Ferbo/Coder/ProyectoFinal-Backend/node_modules/asap/asap.js:40:19)\n    at flush (/Users/santiagomlorenzo/Ferbo/Coder/ProyectoFinal-Backend/node_modules/asap/raw.js:50:29)\n    at processTicksAndRejections (node:internal/process/task_queues:78:11)","status":401}
